<?xml version="1.0" encoding="UTF-8"?>
<!-- Generated by org.testng.reporters.JUnitReportReporter -->
<testsuite skipped="0" hostname="PC0641" name="testPackageLogin.LoginTest" tests="3" failures="0" timestamp="15 Sep 2020 12:56:08 GMT" time="50.488" errors="0">
  <testcase name="test1_AdminLogin" time="31.158" classname="testPackageLogin.LoginTest"/>
  <testcase name="test3_AdminLogout" time="5.624" classname="testPackageLogin.LoginTest"/>
  <testcase name="test2_CreateCustomer" time="13.706" classname="testPackageLogin.LoginTest"/>
</testsuite> <!-- testPackageLogin.LoginTest -->
