<?xml version="1.0" encoding="UTF-8"?>
<!-- Generated by org.testng.reporters.JUnitReportReporter -->
<testsuite skipped="0" hostname="PC0641" name="testPackageLogin.LoginTest" tests="3" failures="0" timestamp="14 Sep 2020 09:16:28 GMT" time="0.025" errors="0">
  <testcase name="test2" time="0.002" classname="testPackageLogin.LoginTest"/>
  <testcase name="test3" time="0.002" classname="testPackageLogin.LoginTest"/>
  <testcase name="test1" time="0.021" classname="testPackageLogin.LoginTest"/>
</testsuite> <!-- testPackageLogin.LoginTest -->
